Determining if the pthread_create exist failed with the following output:
Change Dir: /home/niroigen/final_catkin_ws/build/CMakeFiles/CMakeTmp

Run Build Command:"/usr/bin/make" "cmTC_b3d6b/fast"
/usr/bin/make -f CMakeFiles/cmTC_b3d6b.dir/build.make CMakeFiles/cmTC_b3d6b.dir/build
make[1]: Entering directory '/home/niroigen/final_catkin_ws/build/CMakeFiles/CMakeTmp'
Building C object CMakeFiles/cmTC_b3d6b.dir/CheckSymbolExists.c.o
/usr/bin/cc     -o CMakeFiles/cmTC_b3d6b.dir/CheckSymbolExists.c.o   -c /home/niroigen/final_catkin_ws/build/CMakeFiles/CMakeTmp/CheckSymbolExists.c
Linking C executable cmTC_b3d6b
/usr/bin/cmake -E cmake_link_script CMakeFiles/cmTC_b3d6b.dir/link.txt --verbose=1
/usr/bin/cc       CMakeFiles/cmTC_b3d6b.dir/CheckSymbolExists.c.o  -o cmTC_b3d6b -rdynamic 
CMakeFiles/cmTC_b3d6b.dir/CheckSymbolExists.c.o: In function `main':
CheckSymbolExists.c:(.text+0x16): undefined reference to `pthread_create'
collect2: error: ld returned 1 exit status
CMakeFiles/cmTC_b3d6b.dir/build.make:97: recipe for target 'cmTC_b3d6b' failed
make[1]: *** [cmTC_b3d6b] Error 1
make[1]: Leaving directory '/home/niroigen/final_catkin_ws/build/CMakeFiles/CMakeTmp'
Makefile:126: recipe for target 'cmTC_b3d6b/fast' failed
make: *** [cmTC_b3d6b/fast] Error 2

File /home/niroigen/final_catkin_ws/build/CMakeFiles/CMakeTmp/CheckSymbolExists.c:
/* */
#include <pthread.h>

int main(int argc, char** argv)
{
  (void)argv;
#ifndef pthread_create
  return ((int*)(&pthread_create))[argc];
#else
  (void)argc;
  return 0;
#endif
}

Determining if the function pthread_create exists in the pthreads failed with the following output:
Change Dir: /home/niroigen/final_catkin_ws/build/CMakeFiles/CMakeTmp

Run Build Command:"/usr/bin/make" "cmTC_44281/fast"
/usr/bin/make -f CMakeFiles/cmTC_44281.dir/build.make CMakeFiles/cmTC_44281.dir/build
make[1]: Entering directory '/home/niroigen/final_catkin_ws/build/CMakeFiles/CMakeTmp'
Building C object CMakeFiles/cmTC_44281.dir/CheckFunctionExists.c.o
/usr/bin/cc    -DCHECK_FUNCTION_EXISTS=pthread_create   -o CMakeFiles/cmTC_44281.dir/CheckFunctionExists.c.o   -c /usr/share/cmake-3.5/Modules/CheckFunctionExists.c
Linking C executable cmTC_44281
/usr/bin/cmake -E cmake_link_script CMakeFiles/cmTC_44281.dir/link.txt --verbose=1
/usr/bin/cc   -DCHECK_FUNCTION_EXISTS=pthread_create    CMakeFiles/cmTC_44281.dir/CheckFunctionExists.c.o  -o cmTC_44281 -rdynamic -lpthreads 
/usr/bin/ld: cannot find -lpthreads
collect2: error: ld returned 1 exit status
CMakeFiles/cmTC_44281.dir/build.make:97: recipe for target 'cmTC_44281' failed
make[1]: *** [cmTC_44281] Error 1
make[1]: Leaving directory '/home/niroigen/final_catkin_ws/build/CMakeFiles/CMakeTmp'
Makefile:126: recipe for target 'cmTC_44281/fast' failed
make: *** [cmTC_44281/fast] Error 2


Determining if the Q_WS_WIN exist failed with the following output:
Change Dir: /home/niroigen/final_catkin_ws/build/CMakeFiles/CMakeTmp

Run Build Command:"/usr/bin/make" "cmTC_57082/fast"
/usr/bin/make -f CMakeFiles/cmTC_57082.dir/build.make CMakeFiles/cmTC_57082.dir/build
make[1]: Entering directory '/home/niroigen/final_catkin_ws/build/CMakeFiles/CMakeTmp'
Building CXX object CMakeFiles/cmTC_57082.dir/CheckSymbolExists.cxx.o
/usr/bin/c++    -I/usr/include/qt4   -o CMakeFiles/cmTC_57082.dir/CheckSymbolExists.cxx.o -c /home/niroigen/final_catkin_ws/build/CMakeFiles/CMakeTmp/CheckSymbolExists.cxx
/home/niroigen/final_catkin_ws/build/CMakeFiles/CMakeTmp/CheckSymbolExists.cxx: In function ‘int main(int, char**)’:
/home/niroigen/final_catkin_ws/build/CMakeFiles/CMakeTmp/CheckSymbolExists.cxx:8:19: error: ‘Q_WS_WIN’ was not declared in this scope
   return ((int*)(&Q_WS_WIN))[argc];
                   ^
CMakeFiles/cmTC_57082.dir/build.make:65: recipe for target 'CMakeFiles/cmTC_57082.dir/CheckSymbolExists.cxx.o' failed
make[1]: *** [CMakeFiles/cmTC_57082.dir/CheckSymbolExists.cxx.o] Error 1
make[1]: Leaving directory '/home/niroigen/final_catkin_ws/build/CMakeFiles/CMakeTmp'
Makefile:126: recipe for target 'cmTC_57082/fast' failed
make: *** [cmTC_57082/fast] Error 2

File /home/niroigen/final_catkin_ws/build/CMakeFiles/CMakeTmp/CheckSymbolExists.cxx:
/* */
#include <QtCore/qglobal.h>

int main(int argc, char** argv)
{
  (void)argv;
#ifndef Q_WS_WIN
  return ((int*)(&Q_WS_WIN))[argc];
#else
  (void)argc;
  return 0;
#endif
}

Determining if the Q_WS_QWS exist failed with the following output:
Change Dir: /home/niroigen/final_catkin_ws/build/CMakeFiles/CMakeTmp

Run Build Command:"/usr/bin/make" "cmTC_6dbc2/fast"
/usr/bin/make -f CMakeFiles/cmTC_6dbc2.dir/build.make CMakeFiles/cmTC_6dbc2.dir/build
make[1]: Entering directory '/home/niroigen/final_catkin_ws/build/CMakeFiles/CMakeTmp'
Building CXX object CMakeFiles/cmTC_6dbc2.dir/CheckSymbolExists.cxx.o
/usr/bin/c++    -I/usr/include/qt4   -o CMakeFiles/cmTC_6dbc2.dir/CheckSymbolExists.cxx.o -c /home/niroigen/final_catkin_ws/build/CMakeFiles/CMakeTmp/CheckSymbolExists.cxx
/home/niroigen/final_catkin_ws/build/CMakeFiles/CMakeTmp/CheckSymbolExists.cxx: In function ‘int main(int, char**)’:
/home/niroigen/final_catkin_ws/build/CMakeFiles/CMakeTmp/CheckSymbolExists.cxx:8:19: error: ‘Q_WS_QWS’ was not declared in this scope
   return ((int*)(&Q_WS_QWS))[argc];
                   ^
CMakeFiles/cmTC_6dbc2.dir/build.make:65: recipe for target 'CMakeFiles/cmTC_6dbc2.dir/CheckSymbolExists.cxx.o' failed
make[1]: *** [CMakeFiles/cmTC_6dbc2.dir/CheckSymbolExists.cxx.o] Error 1
make[1]: Leaving directory '/home/niroigen/final_catkin_ws/build/CMakeFiles/CMakeTmp'
Makefile:126: recipe for target 'cmTC_6dbc2/fast' failed
make: *** [cmTC_6dbc2/fast] Error 2

File /home/niroigen/final_catkin_ws/build/CMakeFiles/CMakeTmp/CheckSymbolExists.cxx:
/* */
#include <QtCore/qglobal.h>

int main(int argc, char** argv)
{
  (void)argv;
#ifndef Q_WS_QWS
  return ((int*)(&Q_WS_QWS))[argc];
#else
  (void)argc;
  return 0;
#endif
}

Determining if the Q_WS_MAC exist failed with the following output:
Change Dir: /home/niroigen/final_catkin_ws/build/CMakeFiles/CMakeTmp

Run Build Command:"/usr/bin/make" "cmTC_21da2/fast"
/usr/bin/make -f CMakeFiles/cmTC_21da2.dir/build.make CMakeFiles/cmTC_21da2.dir/build
make[1]: Entering directory '/home/niroigen/final_catkin_ws/build/CMakeFiles/CMakeTmp'
Building CXX object CMakeFiles/cmTC_21da2.dir/CheckSymbolExists.cxx.o
/usr/bin/c++    -I/usr/include/qt4   -o CMakeFiles/cmTC_21da2.dir/CheckSymbolExists.cxx.o -c /home/niroigen/final_catkin_ws/build/CMakeFiles/CMakeTmp/CheckSymbolExists.cxx
/home/niroigen/final_catkin_ws/build/CMakeFiles/CMakeTmp/CheckSymbolExists.cxx: In function ‘int main(int, char**)’:
/home/niroigen/final_catkin_ws/build/CMakeFiles/CMakeTmp/CheckSymbolExists.cxx:8:19: error: ‘Q_WS_MAC’ was not declared in this scope
   return ((int*)(&Q_WS_MAC))[argc];
                   ^
CMakeFiles/cmTC_21da2.dir/build.make:65: recipe for target 'CMakeFiles/cmTC_21da2.dir/CheckSymbolExists.cxx.o' failed
make[1]: *** [CMakeFiles/cmTC_21da2.dir/CheckSymbolExists.cxx.o] Error 1
make[1]: Leaving directory '/home/niroigen/final_catkin_ws/build/CMakeFiles/CMakeTmp'
Makefile:126: recipe for target 'cmTC_21da2/fast' failed
make: *** [cmTC_21da2/fast] Error 2

File /home/niroigen/final_catkin_ws/build/CMakeFiles/CMakeTmp/CheckSymbolExists.cxx:
/* */
#include <QtCore/qglobal.h>

int main(int argc, char** argv)
{
  (void)argv;
#ifndef Q_WS_MAC
  return ((int*)(&Q_WS_MAC))[argc];
#else
  (void)argc;
  return 0;
#endif
}

